<?xml version="1.0" encoding="UTF-8"?>
<testsuite xmlns:xsi="http://www.w3.org/2001/XMLSchema-instance" xsi:noNamespaceSchemaLocation="https://maven.apache.org/surefire/maven-surefire-plugin/xsd/surefire-test-report-3.0.xsd" version="3.0" name="tp04.metier.PortefeuilleTest" time="0.147" tests="1" errors="0" skipped="0" failures="0">
  <properties>
[...]
</properties>
  <testcase name="testGetValeur" classname="tp04.metier.PortefeuilleTest" time="0.113">
    <system-out><![CDATA[L'actionAS1a la dateJour{annee=2000, numJour=2, mois=4}avec comme valeur10.0a bien été enregistrer
voici les cours pour ce jour 10.0
]]></system-out>
  </testcase>
</testsuite>